[17:37:30] [main/WARN]: Ambiguity between arguments [teleport, location] and [teleport, destination] with inputs: [0.1 -0.5 .9, 0 0 0]
[17:37:30] [main/WARN]: Ambiguity between arguments [teleport, location] and [teleport, targets] with inputs: [0.1 -0.5 .9, 0 0 0]
[17:37:30] [main/WARN]: Ambiguity between arguments [teleport, targets] and [teleport, destination] with inputs: [Player, 0123, dd12be42-52a9-4a91-a8a1-11c01849e498]
[17:37:30] [main/WARN]: Ambiguity between arguments [teleport, targets, location] and [teleport, targets, destination] with inputs: [0.1 -0.5 .9, 0 0 0]
[17:37:30] [Server thread/INFO]: Starting minecraft server version 1.14
[17:37:30] [Server thread/INFO]: Loading properties
[17:37:30] [Server thread/INFO]: Default game type: SURVIVAL
[17:37:30] [Server thread/INFO]: Generating keypair
[17:37:30] [Server thread/INFO]: Starting Minecraft server on *:25565
[17:37:30] [Server thread/INFO]: Using default channel type
[17:37:31] [Server thread/WARN]: **** SERVER IS RUNNING IN OFFLINE/INSECURE MODE!
[17:37:31] [Server thread/WARN]: The server will make no attempt to authenticate usernames. Beware.
[17:37:31] [Server thread/WARN]: While this makes the game possible to play without internet access, it also opens up the ability for hackers to connect with any username they choose.
[17:37:31] [Server thread/WARN]: To change this, set "online-mode" to "true" in the server.properties file.
[17:37:31] [Server thread/INFO]: Preparing level "world"
[17:37:31] [Server thread/INFO]: Reloading ResourceManager: Default, multiplayer_sleepv2.1.0.zip
[17:37:33] [Server thread/INFO]: Loaded 6 recipes
[17:37:34] [Server thread/INFO]: Loaded 8 custom command functions
[17:37:34] [Server thread/INFO]: Loaded 813 advancements
[17:37:34] [Server thread/INFO]: Preparing start region for dimension minecraft:overworld
[17:37:35] [Server-Worker-2/INFO]: Preparing spawn area: 0%
[17:37:35] [Server-Worker-5/INFO]: Preparing spawn area: 0%
[17:37:35] [Server-Worker-3/INFO]: Preparing spawn area: 0%
[17:37:36] [Server-Worker-7/INFO]: Preparing spawn area: 0%
[17:37:36] [Server-Worker-6/INFO]: Preparing spawn area: 4%
[17:37:37] [Server-Worker-4/INFO]: Preparing spawn area: 4%
[17:37:37] [Server-Worker-5/INFO]: Preparing spawn area: 31%
[17:37:38] [Server-Worker-5/INFO]: Preparing spawn area: 66%
[17:37:38] [Server-Worker-6/INFO]: Preparing spawn area: 100%
[17:37:39] [Server-Worker-3/INFO]: Preparing spawn area: 100%
[17:37:39] [Server thread/INFO]: Time elapsed: 4723 ms
[17:37:39] [Server thread/INFO]: Done (7.771s)! For help, type "help"
[22:46:16] [Server thread/INFO]: Stopping the server
[22:46:16] [Server thread/INFO]: Stopping server
[22:46:16] [Server thread/INFO]: Saving players
[22:46:16] [Server thread/INFO]: Saving worlds
[22:46:16] [Server thread/INFO]: Saving chunks for level 'world'/minecraft:overworld
[22:46:16] [Server thread/INFO]: ThreadedAnvilChunkStorage (world): All chunks are saved
[22:46:16] [Server thread/INFO]: Saving chunks for level 'world'/minecraft:the_nether
[22:46:16] [Server thread/INFO]: ThreadedAnvilChunkStorage (DIM-1): All chunks are saved
[22:46:16] [Server thread/INFO]: Saving chunks for level 'world'/minecraft:the_end
[22:46:16] [Server thread/INFO]: ThreadedAnvilChunkStorage (DIM1): All chunks are saved
[22:46:16] [Server thread/INFO]: ThreadedAnvilChunkStorage (world): All chunks are saved
[22:46:16] [Server thread/INFO]: ThreadedAnvilChunkStorage (world): All chunks are saved
[22:46:16] [Server thread/INFO]: ThreadedAnvilChunkStorage (DIM-1): All chunks are saved
[22:46:16] [Server thread/INFO]: ThreadedAnvilChunkStorage (DIM-1): All chunks are saved
[22:46:16] [Server thread/INFO]: ThreadedAnvilChunkStorage (DIM1): All chunks are saved
[22:46:16] [Server thread/INFO]: ThreadedAnvilChunkStorage (DIM1): All chunks are saved
